<?xml version="1.0" encoding="UTF-8"?>
<!-- Generated by org.testng.reporters.JUnitReportReporter -->
<testsuite hostname="LAPTOP-NJPOA76P" failures="0" tests="1" name="org.testing.webapp.UserPlaceOrderTest" time="80.416" errors="0" timestamp="2024-03-03T21:12:46 IST" skipped="0">
  <testcase classname="org.testing.webapp.UserPlaceOrderTest" name="DemoSiteOrderPlacementTesting" time="80.416"/>
</testsuite> <!-- org.testing.webapp.UserPlaceOrderTest -->
