<?xml version="1.0" encoding="UTF-8"?>
<!-- Generated by org.testng.reporters.JUnitReportReporter -->
<testsuite hostname="LAPTOP-NJPOA76P" failures="0" tests="1" name="org.testing.webapp.WebApplicationTest" time="17.008" errors="0" timestamp="2024-03-03T19:44:11 IST" skipped="0">
  <testcase classname="org.testing.webapp.WebApplicationTest" name="DemoSiteLoginTest" time="17.008"/>
</testsuite> <!-- org.testing.webapp.WebApplicationTest -->
