<?xml version="1.0" encoding="UTF-8"?>
<!-- Generated by org.testng.reporters.JUnitReportReporter -->
<testsuite hostname="LAPTOP-NJPOA76P" failures="0" tests="1" name="org.testing.webapp.WebApplicationTestGuestMode" time="29.418" errors="0" timestamp="2024-03-03T20:37:25 IST" skipped="0">
  <testcase classname="org.testing.webapp.WebApplicationTestGuestMode" name="DemoSiteLoginTest" time="29.418"/>
</testsuite> <!-- org.testing.webapp.WebApplicationTestGuestMode -->
